<?xml version="1.0" encoding="UTF-8"?>
<TestRun id="d9b5ce16-db8b-4746-ab79-069a2320c099" name="Administrator@2011-20121102OZ 2014-07-17 18:04:16" runUser="2011-20121102OZ\Administrator" xmlns="http://microsoft.com/schemas/VisualStudio/TeamTest/2010">
  <TestSettings name="本地" id="347e0169-c17f-41d9-8419-aab056f126dc">
    <Description>这些设置为本地测试运行的默认测试设置。</Description>
    <Deployment enabled="false" runDeploymentRoot="Administrator_2011-20121102OZ 2014-07-17 18_04_16">
      <DeploymentItem filename="E:\comsite\svn\dev456\CMS\code\branches\v1.0\CMS.Utility\bin\Debug\CMS.Utility.dll" />
      <DeploymentItem filename="E:\comsite\svn\dev456\CMS\code\branches\v1.0\SMVC\bin\Debug\SMVC.dll" />
      <DeploymentItem filename="E:\comsite\svn\dev456\CMS\code\branches\v1.0\CMS.Template\bin\Debug\CMS.Template.dll" />
      <DeploymentItem filename="E:\comsite\svn\dev456\CMS\code\branches\v1.0\Factory\bin\x64\Debug\Factory.dll" />
      <DeploymentItem filename="E:\comsite\svn\dev456\CMS\code\branches\v1.0\CMS.HTMLService\bin\Debug\CMS.HtmlService.dll" />
      <DeploymentItem filename="E:\comsite\svn\dev456\CMS\code\branches\v1.0\CMS.Controller\bin\Debug\CMS.Controller.dll" />
      <DeploymentItem filename="E:\comsite\svn\dev456\CMS\code\branches\v1.0\CMS.HtmlService.Contract\bin\Debug\CMS.HtmlService.Contract.dll" />
      <DeploymentItem filename="E:\comsite\svn\dev456\CMS\code\branches\v1.0\CMS.Test\bin\Debug\Autofac.Integration.Wcf.dll" />
      <DeploymentItem filename="E:\comsite\svn\dev456\CMS\code\branches\v1.0\CMS.Test\bin\Debug\UpchinaSecurity.dll" />
      <DeploymentItem filename="E:\comsite\svn\dev456\CMS\code\branches\v1.0\CMS.DAL\bin\Debug\CMS.DAL.dll" />
      <DeploymentItem filename="E:\comsite\svn\dev456\CMS\code\branches\v1.0\Common\bin\Debug\Common.dll" />
      <DeploymentItem filename="E:\comsite\svn\dev456\CMS\code\branches\v1.0\CMS.Test\bin\Debug\Autofac.dll" />
      <DeploymentItem filename="E:\comsite\svn\dev456\CMS\code\branches\v1.0\CMS.Model\bin\Debug\CMS.Model.dll" />
      <DeploymentItem filename="E:\comsite\svn\dev456\CMS\code\branches\v1.0\CMS.ViewModel\bin\Debug\CMS.ViewModel.dll" />
      <DeploymentItem filename="E:\comsite\svn\dev456\CMS\code\branches\v1.0\CMS.Test\bin\Debug\log4net.dll" />
      <DeploymentItem filename="E:\comsite\svn\dev456\CMS\code\branches\v1.0\CMS.BLL\bin\Debug\CMS.BLL.dll" />
    </Deployment>
    <Execution>
      <TestTypeSpecific />
      <AgentRule name="Execution Agents">
      </AgentRule>
    </Execution>
  </TestSettings>
  <Times creation="2014-07-17T18:04:16.1772856+08:00" queuing="2014-07-17T18:04:16.1982868+08:00" start="2014-07-17T18:04:16.2012870+08:00" finish="2014-07-17T18:04:16.4112990+08:00" />
  <ResultSummary outcome="Inconclusive">
    <Counters total="1" executed="1" error="0" failed="0" timeout="0" aborted="0" inconclusive="1" passedButRunAborted="0" notRunnable="0" notExecuted="0" disconnected="0" warning="0" passed="0" completed="0" inProgress="0" pending="0" />
  </ResultSummary>
  <TestDefinitions>
    <UnitTest name="FullLinkTest" storage="e:\comsite\svn\dev456\cms\code\branches\v1.0\cms.test\bin\debug\cms.test.dll" id="1d38e8c2-e770-4c89-efed-641f970f4bdf">
      <Execution id="d523b391-9b8e-4774-be2a-50acf47cb6b2" />
      <TestMethod codeBase="E:/comsite/svn/dev456/CMS/code/branches/v1.0/CMS.Test/bin/Debug/CMS.Test.DLL" adapterTypeName="Microsoft.VisualStudio.TestTools.TestTypes.Unit.UnitTestAdapter, Microsoft.VisualStudio.QualityTools.Tips.UnitTest.Adapter, Version=10.0.0.0, Culture=neutral, PublicKeyToken=b03f5f7f11d50a3a" className="CMS.Test.NewsTest, CMS.Test, Version=1.0.0.0, Culture=neutral, PublicKeyToken=null" name="FullLinkTest" />
    </UnitTest>
  </TestDefinitions>
  <TestLists>
    <TestList name="列表中未列出的结果" id="8c84fa94-04c1-424b-9868-57a2d4851a1d" />
    <TestList name="所有已加载的结果" id="19431567-8539-422a-85d7-44ee4e166bda" />
  </TestLists>
  <TestEntries>
    <TestEntry testId="1d38e8c2-e770-4c89-efed-641f970f4bdf" executionId="d523b391-9b8e-4774-be2a-50acf47cb6b2" testListId="8c84fa94-04c1-424b-9868-57a2d4851a1d" />
  </TestEntries>
  <Results>
    <UnitTestResult executionId="d523b391-9b8e-4774-be2a-50acf47cb6b2" testId="1d38e8c2-e770-4c89-efed-641f970f4bdf" testName="FullLinkTest" computerName="2011-20121102OZ" duration="00:00:00.0544659" startTime="2014-07-17T18:04:16.2222882+08:00" endTime="2014-07-17T18:04:16.4002984+08:00" testType="13cdc9d9-ddb5-4fa4-a97d-d965ccfc6d4b" outcome="Inconclusive" testListId="8c84fa94-04c1-424b-9868-57a2d4851a1d" relativeResultsDirectory="d523b391-9b8e-4774-be2a-50acf47cb6b2">
      <Output>
        <ErrorInfo>
          <Message>Assert.Inconclusive 失败。验证此测试方法的正确性。</Message>
          <StackTrace>   在 CMS.Test.NewsTest.FullLinkTest() 位置 E:\comsite\svn\dev456\CMS\code\branches\v1.0\CMS.Test\NewsTest.cs:行号 80
</StackTrace>
        </ErrorInfo>
      </Output>
    </UnitTestResult>
  </Results>
</TestRun>