<?xml version="1.0" encoding="UTF-8"?>
<TestRun id="f1817bc8-577b-4704-9693-ba78114164f1" name="Administrator@XNI2QTXU3ZFNKPP 2013-04-07 14:55:19" runUser="XNI2QTXU3ZFNKPP\Administrator" xmlns="http://microsoft.com/schemas/VisualStudio/TeamTest/2010">
  <TestSettings name="本地" id="347e0169-c17f-41d9-8419-aab056f126dc">
    <Description>这些设置为本地测试运行的默认测试设置。</Description>
    <Deployment enabled="false" runDeploymentRoot="Administrator_XNI2QTXU3ZFNKPP 2013-04-07 14_55_19">
      <DeploymentItem filename="F:\Project\CMS\code\branches\v1.0\CMS.Test\bin\Debug\log4net.dll" />
      <DeploymentItem filename="F:\Project\CMS\code\branches\v1.0\Factory\bin\Debug\Factory.dll" />
      <DeploymentItem filename="F:\Project\CMS\code\branches\v1.0\CMS.Test\bin\Debug\Autofac.dll" />
      <DeploymentItem filename="F:\Project\CMS\code\branches\v1.0\CMS.Model\bin\Debug\CMS.Model.dll" />
      <DeploymentItem filename="F:\Project\CMS\code\branches\v1.0\CMS.DAL\bin\Debug\CMS.DAL.dll" />
      <DeploymentItem filename="F:\Project\CMS\code\branches\v1.0\SMVC\bin\Debug\SMVC.dll" />
      <DeploymentItem filename="F:\Project\CMS\code\branches\v1.0\CMS.Test\bin\Debug\Autofac.Integration.Wcf.dll" />
      <DeploymentItem filename="F:\Project\CMS\code\branches\v1.0\CMS.Template\bin\Debug\CMS.Template.dll" />
      <DeploymentItem filename="F:\Project\CMS\code\branches\v1.0\CMS.HtmlService.Contract\bin\Debug\CMS.HtmlService.Contract.dll" />
      <DeploymentItem filename="F:\Project\CMS\code\branches\v1.0\Common\bin\Debug\Common.dll" />
      <DeploymentItem filename="F:\Project\CMS\code\branches\v1.0\CMS.Controller\bin\Debug\CMS.Controller.dll" />
      <DeploymentItem filename="F:\Project\CMS\code\branches\v1.0\CMS.BLL\bin\Debug\CMS.BLL.dll" />
      <DeploymentItem filename="F:\Project\CMS\code\branches\v1.0\CMS.Utility\bin\Debug\CMS.Utility.dll" />
      <DeploymentItem filename="F:\Project\CMS\code\branches\v1.0\CMS.HTMLService\bin\Debug\CMS.HtmlService.dll" />
      <DeploymentItem filename="F:\Project\CMS\code\branches\v1.0\CMS.ViewModel\bin\Debug\CMS.ViewModel.dll" />
    </Deployment>
    <Execution>
      <TestTypeSpecific />
      <AgentRule name="Execution Agents">
      </AgentRule>
    </Execution>
  </TestSettings>
  <Times creation="2013-04-07T14:55:19.6735423+08:00" queuing="2013-04-07T14:55:26.5109334+08:00" start="2013-04-07T14:55:26.7309460+08:00" finish="2013-04-07T14:56:07.2452632+08:00" />
  <ResultSummary outcome="Error">
    <Counters total="1" executed="1" error="0" failed="0" timeout="0" aborted="1" inconclusive="0" passedButRunAborted="0" notRunnable="0" notExecuted="0" disconnected="0" warning="0" passed="0" completed="0" inProgress="0" pending="0" />
    <RunInfos>
      <RunInfo computerName="XNI2QTXU3ZFNKPP" outcome="Error" timestamp="2013-04-07T14:56:07.2292623+08:00">
        <Text>测试宿主进程意外退出。</Text>
      </RunInfo>
    </RunInfos>
  </ResultSummary>
  <TestDefinitions>
    <UnitTest name="CreateSingleNewsTest" storage="f:\project\cms\code\branches\v1.0\cms.test\bin\debug\cms.test.dll" id="3751672e-6a0d-9d06-a6b2-c2b062bff9a1">
      <Execution id="96c3e835-791f-47c9-a7bd-468b2c538aff" />
      <TestMethod codeBase="F:/Project/CMS/code/branches/v1.0/CMS.Test/bin/Debug/CMS.Test.DLL" adapterTypeName="Microsoft.VisualStudio.TestTools.TestTypes.Unit.UnitTestAdapter, Microsoft.VisualStudio.QualityTools.Tips.UnitTest.Adapter, Version=10.0.0.0, Culture=neutral, PublicKeyToken=b03f5f7f11d50a3a" className="CMS.Test.HtmlEngineTest, CMS.Test, Version=1.0.0.0, Culture=neutral, PublicKeyToken=null" name="CreateSingleNewsTest" />
    </UnitTest>
  </TestDefinitions>
  <TestLists>
    <TestList name="列表中未列出的结果" id="8c84fa94-04c1-424b-9868-57a2d4851a1d" />
    <TestList name="所有已加载的结果" id="19431567-8539-422a-85d7-44ee4e166bda" />
  </TestLists>
  <TestEntries>
    <TestEntry testId="3751672e-6a0d-9d06-a6b2-c2b062bff9a1" executionId="96c3e835-791f-47c9-a7bd-468b2c538aff" testListId="8c84fa94-04c1-424b-9868-57a2d4851a1d" />
  </TestEntries>
  <Results>
    <UnitTestResult executionId="96c3e835-791f-47c9-a7bd-468b2c538aff" testId="3751672e-6a0d-9d06-a6b2-c2b062bff9a1" testName="CreateSingleNewsTest" computerName="XNI2QTXU3ZFNKPP" duration="00:00:40.2653030" startTime="2013-04-07T14:55:26.9799602+08:00" endTime="2013-04-07T14:56:07.2452632+08:00" testType="13cdc9d9-ddb5-4fa4-a97d-d965ccfc6d4b" outcome="Aborted" testListId="8c84fa94-04c1-424b-9868-57a2d4851a1d" relativeResultsDirectory="96c3e835-791f-47c9-a7bd-468b2c538aff">
    </UnitTestResult>
  </Results>
</TestRun>