<?xml version="1.0" encoding="UTF-8"?>
<TestRun id="fb756baf-3b61-4653-9e53-c48ac376483a" name="Administrator@XNI2QTXU3ZFNKPP 2013-03-27 15:00:51" runUser="XNI2QTXU3ZFNKPP\Administrator" xmlns="http://microsoft.com/schemas/VisualStudio/TeamTest/2010">
  <TestSettings name="本地" id="347e0169-c17f-41d9-8419-aab056f126dc">
    <Description>这些设置为本地测试运行的默认测试设置。</Description>
    <Deployment enabled="false" runDeploymentRoot="Administrator_XNI2QTXU3ZFNKPP 2013-03-27 15_00_51">
      <DeploymentItem filename="F:\Project\CMS\code\branches\v1.0\CMS.Test\bin\Debug\log4net.dll" />
      <DeploymentItem filename="F:\Project\CMS\code\branches\v1.0\Factory\bin\Debug\Factory.dll" />
      <DeploymentItem filename="F:\Project\CMS\code\branches\v1.0\CMS.Test\bin\Debug\Autofac.dll" />
      <DeploymentItem filename="F:\Project\CMS\code\branches\v1.0\CMS.Model\bin\Debug\CMS.Model.dll" />
      <DeploymentItem filename="F:\Project\CMS\code\branches\v1.0\CMS.DAL\bin\Debug\CMS.DAL.dll" />
      <DeploymentItem filename="F:\Project\CMS\code\branches\v1.0\SMVC\bin\Debug\SMVC.dll" />
      <DeploymentItem filename="F:\Project\CMS\code\branches\v1.0\CMS.Test\bin\Debug\Autofac.Integration.Wcf.dll" />
      <DeploymentItem filename="F:\Project\CMS\code\branches\v1.0\CMS.Template\bin\Debug\CMS.Template.dll" />
      <DeploymentItem filename="F:\Project\CMS\code\branches\v1.0\CMS.HtmlService.Contract\bin\Debug\CMS.HtmlService.Contract.dll" />
      <DeploymentItem filename="F:\Project\CMS\code\branches\v1.0\Common\bin\Debug\Common.dll" />
      <DeploymentItem filename="F:\Project\CMS\code\branches\v1.0\CMS.Controller\bin\Debug\CMS.Controller.dll" />
      <DeploymentItem filename="F:\Project\CMS\code\branches\v1.0\CMS.BLL\bin\Debug\CMS.BLL.dll" />
      <DeploymentItem filename="F:\Project\CMS\code\branches\v1.0\CMS.Utility\bin\Debug\CMS.Utility.dll" />
      <DeploymentItem filename="F:\Project\CMS\code\branches\v1.0\CMS.HTMLService\bin\Debug\CMS.HtmlService.dll" />
      <DeploymentItem filename="F:\Project\CMS\code\branches\v1.0\CMS.ViewModel\bin\Debug\CMS.ViewModel.dll" />
    </Deployment>
    <Execution>
      <TestTypeSpecific />
      <AgentRule name="Execution Agents">
      </AgentRule>
    </Execution>
  </TestSettings>
  <Times creation="2013-03-27T15:00:51.7122107+08:00" queuing="2013-03-27T15:00:58.5316008+08:00" start="2013-03-27T15:00:58.8056164+08:00" finish="2013-03-27T15:06:15.7907470+08:00" />
  <ResultSummary outcome="Error">
    <Counters total="1" executed="1" error="0" failed="0" timeout="0" aborted="1" inconclusive="0" passedButRunAborted="0" notRunnable="0" notExecuted="0" disconnected="0" warning="0" passed="0" completed="0" inProgress="0" pending="0" />
    <RunInfos>
      <RunInfo computerName="XNI2QTXU3ZFNKPP" outcome="Error" timestamp="2013-03-27T15:06:15.7747460+08:00">
        <Text>测试宿主进程意外退出。</Text>
      </RunInfo>
    </RunInfos>
  </ResultSummary>
  <TestDefinitions>
    <UnitTest name="FullLinkTest" storage="f:\project\cms\code\branches\v1.0\cms.test\bin\debug\cms.test.dll" id="1d38e8c2-e770-4c89-efed-641f970f4bdf">
      <Execution id="3a1bc0a6-9258-4865-94aa-367f4b1f979a" />
      <TestMethod codeBase="F:/Project/CMS/code/branches/v1.0/CMS.Test/bin/Debug/CMS.Test.DLL" adapterTypeName="Microsoft.VisualStudio.TestTools.TestTypes.Unit.UnitTestAdapter, Microsoft.VisualStudio.QualityTools.Tips.UnitTest.Adapter, Version=10.0.0.0, Culture=neutral, PublicKeyToken=b03f5f7f11d50a3a" className="CMS.Test.NewsTest, CMS.Test, Version=1.0.0.0, Culture=neutral, PublicKeyToken=null" name="FullLinkTest" />
    </UnitTest>
  </TestDefinitions>
  <TestLists>
    <TestList name="列表中未列出的结果" id="8c84fa94-04c1-424b-9868-57a2d4851a1d" />
    <TestList name="所有已加载的结果" id="19431567-8539-422a-85d7-44ee4e166bda" />
  </TestLists>
  <TestEntries>
    <TestEntry testId="1d38e8c2-e770-4c89-efed-641f970f4bdf" executionId="3a1bc0a6-9258-4865-94aa-367f4b1f979a" testListId="8c84fa94-04c1-424b-9868-57a2d4851a1d" />
  </TestEntries>
  <Results>
    <UnitTestResult executionId="3a1bc0a6-9258-4865-94aa-367f4b1f979a" testId="1d38e8c2-e770-4c89-efed-641f970f4bdf" testName="FullLinkTest" computerName="XNI2QTXU3ZFNKPP" duration="00:05:16.6951140" startTime="2013-03-27T15:00:59.0956330+08:00" endTime="2013-03-27T15:06:15.7907470+08:00" testType="13cdc9d9-ddb5-4fa4-a97d-d965ccfc6d4b" outcome="Aborted" testListId="8c84fa94-04c1-424b-9868-57a2d4851a1d" relativeResultsDirectory="3a1bc0a6-9258-4865-94aa-367f4b1f979a">
    </UnitTestResult>
  </Results>
</TestRun>